<?xml version="1.0" encoding="UTF-8"?>
<!-- Generated by org.testng.reporters.JUnitReportReporter -->
<testsuite hostname="SRINIVAS-G2005" failures="0" tests="1" name="HandlingSSL_Certificate.SSl_CertificateFour" time="2.012" errors="0" timestamp="2025-07-11T10:03:56 IST" skipped="0">
  <testcase classname="HandlingSSL_Certificate.SSl_CertificateFour" name="handlingSSL" time="2.012"/>
</testsuite> <!-- HandlingSSL_Certificate.SSl_CertificateFour -->
