<?xml version="1.0" encoding="UTF-8"?>
<!-- Generated by org.testng.reporters.JUnitReportReporter -->
<testsuite hostname="SRINIVAS-G2005" failures="0" tests="1" name="HandlingSSL_Certificate.SSL_CertificateThree" time="1.495" errors="0" timestamp="2025-04-08T19:48:00 IST" skipped="0">
  <testcase classname="HandlingSSL_Certificate.SSL_CertificateThree" name="sslCertificate" time="1.495"/>
</testsuite> <!-- HandlingSSL_Certificate.SSL_CertificateThree -->
