<?xml version="1.0" encoding="UTF-8"?>
<!-- Generated by org.testng.reporters.JUnitReportReporter -->
<testsuite hostname="SRINIVAS-G2005" failures="0" tests="1" name="HandlingSSL_Certificate.SSL_CertificateTwo" time="2.280" errors="0" timestamp="2025-04-07T17:48:34 IST" skipped="0">
  <testcase classname="HandlingSSL_Certificate.SSL_CertificateTwo" name="sslCertificate" time="2.280"/>
</testsuite> <!-- HandlingSSL_Certificate.SSL_CertificateTwo -->
