<?xml version="1.0" encoding="UTF-8"?>
<!-- Generated by org.testng.reporters.JUnitReportReporter -->
<testsuite hostname="SRINIVAS-G2005" failures="0" tests="1" name="HandlingSSL_Certificate.SSL_Certificate" time="1.607" errors="0" timestamp="2025-03-28T08:47:30 IST" skipped="0">
  <testcase classname="HandlingSSL_Certificate.SSL_Certificate" name="sslCertificate" time="1.607"/>
</testsuite> <!-- HandlingSSL_Certificate.SSL_Certificate -->
